<?xml version="1.0" encoding="UTF-8"?>
<!-- Generated by org.testng.reporters.JUnitXMLReporter -->
<testsuite ignored="0" hostname="bcedbeecedcdbbeacdbfedabbfbadaffdafa-0" failures="0" tests="4" name="Surefire test" time="43.857" errors="0" timestamp="2023-08-25T06:06:21 UTC">
  <testcase classname="runner.Testcase1" name="addLowCostGiftCard" time="6.519"/>
  <testcase classname="runner.Testcase1" name="TestCheckButton" time="7.651"/>
  <testcase classname="runner.Testcase1" name="TestCheckout" time="15.134"/>
  <testcase classname="runner.Testcase1" name="Booksearch" time="1.967"/>
</testsuite> <!-- Surefire test -->
