<?xml version="1.0" encoding="UTF-8"?>
<!-- Generated by org.testng.reporters.JUnitXMLReporter -->
<testsuite ignored="0" hostname="bcedbeecedcdbbeacdbfedabbfbadaffdafa-0" failures="0" tests="4" name="Surefire test" time="45.402" errors="0" timestamp="2023-08-24T13:39:11 UTC">
  <testcase classname="runner.Testcase1" name="addLowCostGiftCard" time="6.647"/>
  <testcase classname="runner.Testcase1" name="TestCheckButton" time="7.673"/>
  <testcase classname="runner.Testcase1" name="TestCheckout" time="14.985"/>
  <testcase classname="runner.Testcase1" name="Booksearch" time="2.999"/>
</testsuite> <!-- Surefire test -->
