<?xml version="1.0" encoding="UTF-8"?>
<testng-results ignored="0" total="4" passed="4" failed="0" skipped="0">
  <reporter-output>
  </reporter-output>
  <suite started-at="2023-08-24T13:38:26 UTC" name="Surefire suite" finished-at="2023-08-24T13:39:11 UTC" duration-ms="45402">
    <groups>
    </groups>
    <test started-at="2023-08-24T13:38:26 UTC" name="Surefire test" finished-at="2023-08-24T13:39:11 UTC" duration-ms="45402">
      <class name="runner.Testcase1">
        <test-method is-config="true" signature="beforeMethod()[pri:0, instance:runner.Testcase1@6d4d66d2]" started-at="2023-08-24T13:38:27 UTC" name="beforeMethod" finished-at="2023-08-24T13:38:30 UTC" duration-ms="3725" status="PASS">
          <reporter-output>
          </reporter-output>
        </test-method> <!-- beforeMethod -->
        <test-method signature="addLowCostGiftCard(java.lang.String,java.lang.String,java.lang.String,java.lang.String,java.lang.String)[pri:1, instance:runner.Testcase1@6d4d66d2]" started-at="2023-08-24T13:38:30 UTC" name="addLowCostGiftCard" data-provider="testData" finished-at="2023-08-24T13:38:37 UTC" duration-ms="6647" status="PASS">
          <params>
            <param index="0">
              <value>
                <![CDATA[Alice]]>
              </value>
            </param>
            <param index="1">
              <value>
                <![CDATA[demo@gmail.com]]>
              </value>
            </param>
            <param index="2">
              <value>
                <![CDATA[BOB]]>
              </value>
            </param>
            <param index="3">
              <value>
                <![CDATA[demo1@gmail.com]]>
              </value>
            </param>
            <param index="4">
              <value>
                <![CDATA[]]>
              </value>
            </param>
          </params>
          <reporter-output>
          </reporter-output>
        </test-method> <!-- addLowCostGiftCard -->
        <test-method is-config="true" signature="afterMethod()[pri:0, instance:runner.Testcase1@6d4d66d2]" started-at="2023-08-24T13:38:37 UTC" name="afterMethod" finished-at="2023-08-24T13:38:38 UTC" duration-ms="461" status="PASS">
          <reporter-output>
          </reporter-output>
        </test-method> <!-- afterMethod -->
        <test-method is-config="true" signature="beforeMethod()[pri:0, instance:runner.Testcase1@6d4d66d2]" started-at="2023-08-24T13:38:38 UTC" name="beforeMethod" finished-at="2023-08-24T13:38:40 UTC" duration-ms="2435" status="PASS">
          <reporter-output>
          </reporter-output>
        </test-method> <!-- beforeMethod -->
        <test-method signature="TestCheckButton(java.lang.String,java.lang.String,java.lang.String,java.lang.String,java.lang.String)[pri:2, instance:runner.Testcase1@6d4d66d2]" started-at="2023-08-24T13:38:40 UTC" name="TestCheckButton" data-provider="testData" finished-at="2023-08-24T13:38:48 UTC" duration-ms="7673" status="PASS">
          <params>
            <param index="0">
              <value>
                <![CDATA[Alice]]>
              </value>
            </param>
            <param index="1">
              <value>
                <![CDATA[demo@gmail.com]]>
              </value>
            </param>
            <param index="2">
              <value>
                <![CDATA[BOB]]>
              </value>
            </param>
            <param index="3">
              <value>
                <![CDATA[demo1@gmail.com]]>
              </value>
            </param>
            <param index="4">
              <value>
                <![CDATA[]]>
              </value>
            </param>
          </params>
          <reporter-output>
          </reporter-output>
        </test-method> <!-- TestCheckButton -->
        <test-method is-config="true" signature="afterMethod()[pri:0, instance:runner.Testcase1@6d4d66d2]" started-at="2023-08-24T13:38:48 UTC" name="afterMethod" finished-at="2023-08-24T13:38:48 UTC" duration-ms="197" status="PASS">
          <reporter-output>
          </reporter-output>
        </test-method> <!-- afterMethod -->
        <test-method is-config="true" signature="beforeMethod()[pri:0, instance:runner.Testcase1@6d4d66d2]" started-at="2023-08-24T13:38:48 UTC" name="beforeMethod" finished-at="2023-08-24T13:38:51 UTC" duration-ms="2547" status="PASS">
          <reporter-output>
          </reporter-output>
        </test-method> <!-- beforeMethod -->
        <test-method signature="TestCheckout(java.lang.String,java.lang.String,java.lang.String,java.lang.String,java.lang.String)[pri:3, instance:runner.Testcase1@6d4d66d2]" started-at="2023-08-24T13:38:51 UTC" name="TestCheckout" data-provider="testData" finished-at="2023-08-24T13:39:05 UTC" duration-ms="14985" status="PASS">
          <params>
            <param index="0">
              <value>
                <![CDATA[Alice]]>
              </value>
            </param>
            <param index="1">
              <value>
                <![CDATA[demo@gmail.com]]>
              </value>
            </param>
            <param index="2">
              <value>
                <![CDATA[BOB]]>
              </value>
            </param>
            <param index="3">
              <value>
                <![CDATA[demo1@gmail.com]]>
              </value>
            </param>
            <param index="4">
              <value>
                <![CDATA[]]>
              </value>
            </param>
          </params>
          <reporter-output>
          </reporter-output>
        </test-method> <!-- TestCheckout -->
        <test-method is-config="true" signature="afterMethod()[pri:0, instance:runner.Testcase1@6d4d66d2]" started-at="2023-08-24T13:39:05 UTC" name="afterMethod" finished-at="2023-08-24T13:39:06 UTC" duration-ms="160" status="PASS">
          <reporter-output>
          </reporter-output>
        </test-method> <!-- afterMethod -->
        <test-method is-config="true" signature="beforeMethod()[pri:0, instance:runner.Testcase1@6d4d66d2]" started-at="2023-08-24T13:39:06 UTC" name="beforeMethod" finished-at="2023-08-24T13:39:08 UTC" duration-ms="2551" status="PASS">
          <reporter-output>
          </reporter-output>
        </test-method> <!-- beforeMethod -->
        <test-method signature="Booksearch(java.lang.String,java.lang.String,java.lang.String,java.lang.String,java.lang.String)[pri:4, instance:runner.Testcase1@6d4d66d2]" started-at="2023-08-24T13:39:08 UTC" name="Booksearch" data-provider="testData" finished-at="2023-08-24T13:39:11 UTC" duration-ms="2999" status="PASS">
          <params>
            <param index="0">
              <value>
                <![CDATA[Alice]]>
              </value>
            </param>
            <param index="1">
              <value>
                <![CDATA[demo@gmail.com]]>
              </value>
            </param>
            <param index="2">
              <value>
                <![CDATA[BOB]]>
              </value>
            </param>
            <param index="3">
              <value>
                <![CDATA[demo1@gmail.com]]>
              </value>
            </param>
            <param index="4">
              <value>
                <![CDATA[]]>
              </value>
            </param>
          </params>
          <reporter-output>
          </reporter-output>
        </test-method> <!-- Booksearch -->
        <test-method is-config="true" signature="afterMethod()[pri:0, instance:runner.Testcase1@6d4d66d2]" started-at="2023-08-24T13:39:11 UTC" name="afterMethod" finished-at="2023-08-24T13:39:11 UTC" duration-ms="188" status="PASS">
          <reporter-output>
          </reporter-output>
        </test-method> <!-- afterMethod -->
      </class> <!-- runner.Testcase1 -->
    </test> <!-- Surefire test -->
  </suite> <!-- Surefire suite -->
</testng-results>
